[2025-11-21 12:52:26] [INFO] Network Watchdog started (Threat Intelligence Mode).
[2025-11-21 12:52:52] [INFO] Network Watchdog started (Threat Intelligence Mode).
[2025-11-21 12:54:29] [INFO] Network Watchdog started (Threat Intelligence Mode).
[2025-11-21 12:55:23] [INFO] Network Watchdog started (Threat Intelligence Mode).
[2025-11-21 12:56:26] [INFO] Network Watchdog started (Threat Intelligence Mode).
[2025-11-21 12:56:48] [INFO] Network Watchdog started (Threat Intelligence Mode).
[2025-11-21 12:59:50] [INFO] Network Watchdog started (Threat Intelligence Mode).
[2025-11-21 13:00:24] [INFO] Network Watchdog started (Threat Intelligence Mode).
[2025-11-21 13:06:11] [INFO] Network Watchdog started (Turbo Mode).
[2025-11-21 13:08:34] [INFO] Network Watchdog started (Ultra Fast Mode).
[2025-11-21 13:10:07] [INFO] Network Watchdog started (Ultra Fast + Threat Engine).
[2025-11-21 13:14:45] [INFO] Network Watchdog started (Normal Mode + Process Name).
[2025-11-21 13:16:32] [INFO] Network Watchdog Log Mode started.
[2025-11-21 13:17:18] [INFO] Network Watchdog Log Mode started.
[2025-11-21 13:20:54] [INFO] Network Watchdog started (Domain Mode v4.4).
[2025-11-21 13:23:35] [INFO] Network Watchdog v4.5-A started (Browser Domain Mode)
[2025-11-21 13:40:06] [INFO] Network Watchdog Log Mode started.
[2025-11-21 13:41:10] [INFO] Log Mode Started
[2025-11-21 13:41:16] [INFO] Domain Mode Started
[2025-11-21 13:45:46] [INFO] Network Watchdog Log Mode started.
